Arguments: 
  /Users/karl.wint/.nvm/versions/node/v16.14.2/bin/node /usr/local/bin/yarn init

PATH: 
  /Users/karl.wint/opt/anaconda3/bin:/Users/karl.wint/Documents/development/google-cloud-sdk/bin:/Users/karl.wint/opt/anaconda3/bin:/usr/local/opt/binutils/bin:/Users/karl.wint/.nvm/versions/node/v16.14.2/bin:/Users/karl.wint/.deno/bin:/usr/local/bin:/usr/bin:/bin:/usr/sbin:/sbin:/usr/local/go/bin:/Library/Apple/usr/bin:/Applications/Wireshark.app/Contents/MacOS:/Users/karl.wint/.cargo/bin:/Users/karl.wint/Documents/development/flutter/bin:/Users/karl.wint/Documents/development/terraform:/Users/karl.wint/Library/Android/sdk/build-tools/29.0.2:/Users/karl.wint/Library/Android/sdk/platform-tools:/Users/karl.wint/Documents/projects/golang/bin:/Users/karl.wint/documents/whitehat/tools/Image-ExifTool-11.85:/Users/karl.wint/documents/whitehat/tools/aquatone_macos_amd64_1.7.0:/Users/karl.wint/.cargo/bin

Yarn version: 
  1.22.10

Node version: 
  16.14.2

Platform: 
  darwin x64

Trace: 
  Error: canceled
      at Interface.<anonymous> (/usr/local/lib/node_modules/yarn/lib/cli.js:136216:13)
      at Interface.emit (node:events:526:28)
      at Interface._ttyWrite (node:readline:1081:16)
      at ReadStream.onkeypress (node:readline:288:10)
      at ReadStream.emit (node:events:526:28)
      at emitKeys (node:internal/readline/utils:358:14)
      at emitKeys.next (<anonymous>)
      at ReadStream.onData (node:internal/readline/emitKeypressEvents:61:36)
      at ReadStream.emit (node:events:526:28)
      at addChunk (node:internal/streams/readable:315:12)

npm manifest: 
  No manifest

yarn manifest: 
  No manifest

Lockfile: 
  No lockfile
